<?xml version="1.0" encoding="UTF-8"?>
<coverage generated="1533250455223" clover="3.2.0">
  <project timestamp="1533250455223" name="All files">
    <metrics statements="41" coveredstatements="23" conditionals="2" coveredconditionals="0" methods="25" coveredmethods="9" elements="68" coveredelements="32" complexity="0" loc="41" ncloc="41" packages="2" files="7" classes="7">
      <package name="photo-gallery-module">
        <metrics statements="1" coveredstatements="1" conditionals="0" coveredconditionals="0" methods="0" coveredmethods="0"/>
        <file name="testsSetup.js" path="/Users/michaellin/github/photo-gallery-module/testsSetup.js">
          <metrics statements="1" coveredstatements="1" conditionals="0" coveredconditionals="0" methods="0" coveredmethods="0"/>
          <line num="4" count="5" type="stmt"/>
        </file>
      </package>
      <package name="photo-gallery-module.client.src.components">
        <metrics statements="40" coveredstatements="22" conditionals="2" coveredconditionals="0" methods="25" coveredmethods="9"/>
        <file name="image-gallery-modal.jsx" path="/Users/michaellin/github/photo-gallery-module/client/src/components/image-gallery-modal.jsx">
          <metrics statements="5" coveredstatements="2" conditionals="2" coveredconditionals="0" methods="2" coveredmethods="0"/>
          <line num="5" count="2" type="stmt"/>
          <line num="8" count="0" type="cond" truecount="0" falsecount="2"/>
          <line num="10" count="0" type="stmt"/>
          <line num="20" count="0" type="stmt"/>
          <line num="28" count="2" type="stmt"/>
        </file>
        <file name="image-list.jsx" path="/Users/michaellin/github/photo-gallery-module/client/src/components/image-list.jsx">
          <metrics statements="5" coveredstatements="4" conditionals="0" coveredconditionals="0" methods="3" coveredmethods="2"/>
          <line num="6" count="3" type="stmt"/>
          <line num="7" count="1" type="stmt"/>
          <line num="9" count="1" type="stmt"/>
          <line num="13" count="0" type="stmt"/>
          <line num="19" count="3" type="stmt"/>
        </file>
        <file name="image-thumbnail.jsx" path="/Users/michaellin/github/photo-gallery-module/client/src/components/image-thumbnail.jsx">
          <metrics statements="4" coveredstatements="3" conditionals="0" coveredconditionals="0" methods="2" coveredmethods="1"/>
          <line num="4" count="4" type="stmt"/>
          <line num="6" count="1" type="stmt"/>
          <line num="7" count="0" type="stmt"/>
          <line num="13" count="4" type="stmt"/>
        </file>
        <file name="main-image.jsx" path="/Users/michaellin/github/photo-gallery-module/client/src/components/main-image.jsx">
          <metrics statements="3" coveredstatements="3" conditionals="0" coveredconditionals="0" methods="2" coveredmethods="1"/>
          <line num="4" count="3" type="stmt"/>
          <line num="5" count="2" type="stmt"/>
          <line num="10" count="3" type="stmt"/>
        </file>
        <file name="modal-image-list.jsx" path="/Users/michaellin/github/photo-gallery-module/client/src/components/modal-image-list.jsx">
          <metrics statements="3" coveredstatements="2" conditionals="0" coveredconditionals="0" methods="1" coveredmethods="0"/>
          <line num="4" count="2" type="stmt"/>
          <line num="5" count="0" type="stmt"/>
          <line num="10" count="2" type="stmt"/>
        </file>
        <file name="photo-gallery-module.jsx" path="/Users/michaellin/github/photo-gallery-module/client/src/components/photo-gallery-module.jsx">
          <metrics statements="20" coveredstatements="8" conditionals="0" coveredconditionals="0" methods="15" coveredmethods="5"/>
          <line num="9" count="4" type="stmt"/>
          <line num="10" count="4" type="stmt"/>
          <line num="21" count="4" type="stmt"/>
          <line num="22" count="4" type="stmt"/>
          <line num="26" count="4" type="stmt"/>
          <line num="27" count="0" type="stmt"/>
          <line num="32" count="4" type="stmt"/>
          <line num="33" count="0" type="stmt"/>
          <line num="38" count="0" type="stmt"/>
          <line num="42" count="0" type="stmt"/>
          <line num="46" count="0" type="stmt"/>
          <line num="47" count="0" type="stmt"/>
          <line num="48" count="0" type="stmt"/>
          <line num="52" count="0" type="stmt"/>
          <line num="58" count="4" type="stmt"/>
          <line num="59" count="4" type="stmt"/>
          <line num="61" count="0" type="stmt"/>
          <line num="62" count="0" type="stmt"/>
          <line num="69" count="0" type="stmt"/>
          <line num="70" count="0" type="stmt"/>
        </file>
      </package>
    </metrics>
  </project>
</coverage>
